<?xml version="1.0" encoding="UTF-8"?>
<testng-results ignored="0" total="5" passed="5" failed="0" skipped="0">
  <reporter-output>
  </reporter-output>
  <suite started-at="2025-04-28T17:29:04 IST" name="Default suite" finished-at="2025-04-28T17:29:11 IST" duration-ms="6955">
    <groups>
    </groups>
    <test started-at="2025-04-28T17:29:04 IST" name="Default test" finished-at="2025-04-28T17:29:11 IST" duration-ms="6955">
      <class name="Devendra.AllTestCases">
        <test-method signature="validLoginTest()[pri:0, instance:Devendra.AllTestCases@795509d9]" started-at="2025-04-28T17:29:04 IST" name="validLoginTest" finished-at="2025-04-28T17:29:10 IST" duration-ms="5617" status="PASS">
          <reporter-output>
          </reporter-output>
        </test-method> <!-- validLoginTest -->
        <test-method signature="validateProductpage()[pri:0, instance:Devendra.AllTestCases@795509d9]" started-at="2025-04-28T17:29:10 IST" name="validateProductpage" finished-at="2025-04-28T17:29:10 IST" depends-on-methods="Devendra.AllTestCases.validLoginTest" duration-ms="169" status="PASS">
          <reporter-output>
          </reporter-output>
        </test-method> <!-- validateProductpage -->
        <test-method signature="validateCartPage()[pri:0, instance:Devendra.AllTestCases@795509d9]" started-at="2025-04-28T17:29:10 IST" name="validateCartPage" finished-at="2025-04-28T17:29:10 IST" depends-on-methods="Devendra.AllTestCases.validateProductpage" duration-ms="253" status="PASS">
          <reporter-output>
          </reporter-output>
        </test-method> <!-- validateCartPage -->
        <test-method signature="validateCheckoutPage()[pri:0, instance:Devendra.AllTestCases@795509d9]" started-at="2025-04-28T17:29:10 IST" name="validateCheckoutPage" finished-at="2025-04-28T17:29:11 IST" depends-on-methods="Devendra.AllTestCases.validateCartPage" duration-ms="687" status="PASS">
          <reporter-output>
          </reporter-output>
        </test-method> <!-- validateCheckoutPage -->
        <test-method signature="validateConfirmationPage()[pri:0, instance:Devendra.AllTestCases@795509d9]" started-at="2025-04-28T17:29:11 IST" name="validateConfirmationPage" finished-at="2025-04-28T17:29:11 IST" depends-on-methods="Devendra.AllTestCases.validateCheckoutPage" duration-ms="112" status="PASS">
          <reporter-output>
          </reporter-output>
        </test-method> <!-- validateConfirmationPage -->
      </class> <!-- Devendra.AllTestCases -->
    </test> <!-- Default test -->
  </suite> <!-- Default suite -->
</testng-results>
